[11-Sep-2025 18:30:49 UTC] === COTIZACION FORM DEBUG (WEB) ===
[11-Sep-2025 18:30:49 UTC] Timestamp: 2025-09-11 18:30:49
[11-Sep-2025 18:30:49 UTC] POST data recibido: Array
(
    [nombre] => Debug Header
    [email] => debugheader@test.com
    [telefono] => 1234567890
    [empresa] => Debug Header Company
    [mensaje] => Mensaje de debug header
    [productos_interes] => Productos de debug header
    [cantidad_estimada] => 100 unidades
    [fecha_entrega] => 2024-12-31
)

[11-Sep-2025 18:30:49 UTC] Datos sanitizados - Nombre: Debug Header, Email: debugheader@test.com, Mensaje: Mensaje de debug header
[11-Sep-2025 18:30:49 UTC] ✓ Validación pasada correctamente
[11-Sep-2025 18:30:49 UTC] Intentando insertar en BD - Datos: Array
(
    [cliente_nombre] => Debug Header
    [cliente_email] => debugheader@test.com
    [cliente_telefono] => 1234567890
    [cliente_empresa] => Debug Header Company
    [productos_interes] => Productos de debug header
    [cantidad_estimada] => 100 unidades
    [fecha_entrega_deseada] => 2024-12-31
    [mensaje] => Mensaje de debug header
    [estado] => pendiente
)

[11-Sep-2025 18:30:49 UTC] Conexión BD: OK
[11-Sep-2025 18:30:49 UTC] ✓ INSERCIÓN EXITOSA - ID: 11
[11-Sep-2025 18:30:49 UTC] Configuración de email no disponible - usando configuración por defecto
[11-Sep-2025 18:30:49 UTC] Email enviado exitosamente a: debugheader@test.com
[11-Sep-2025 18:30:49 UTC] Email enviado exitosamente a: cotizaciones@dtstudio.com.mx
